{"/home/rdobre/cs-ubb/sem-4/MPP/brewlog/brewlog/src/app/data/mockData.ts": {"path":"/home/rdobre/cs-ubb/sem-4/MPP/brewlog/brewlog/src/app/data/mockData.ts","statementMap":{"0":{"start":{"line":20,"column":37},"end":{"line":72,"column":null}},"1":{"start":{"line":74,"column":21},"end":{"line":80,"column":null}},"2":{"start":{"line":82,"column":23},"end":{"line":88,"column":null}},"3":{"start":{"line":90,"column":24},"end":{"line":95,"column":null}},"4":{"start":{"line":97,"column":23},"end":{"line":102,"column":null}},"5":{"start":{"line":104,"column":29},"end":{"line":108,"column":null}},"6":{"start":{"line":110,"column":28},"end":{"line":116,"column":null}}},"fnMap":{},"branchMap":{},"s":{"0":1,"1":1,"2":1,"3":1,"4":1,"5":1,"6":1},"f":{},"b":{},"meta":{"lastBranch":0,"lastFunction":0,"lastStatement":7,"seen":{"s:20:37:72:Infinity":0,"s:74:21:80:Infinity":1,"s:82:23:88:Infinity":2,"s:90:24:95:Infinity":3,"s:97:23:102:Infinity":4,"s:104:29:108:Infinity":5,"s:110:28:116:Infinity":6}}}
,"/home/rdobre/cs-ubb/sem-4/MPP/brewlog/brewlog/src/app/hooks/useBrewCRUD.ts": {"path":"/home/rdobre/cs-ubb/sem-4/MPP/brewlog/brewlog/src/app/hooks/useBrewCRUD.ts","statementMap":{"0":{"start":{"line":6,"column":17},"end":{"line":6,"column":34}},"1":{"start":{"line":9,"column":16},"end":{"line":9,"column":59}},"2":{"start":{"line":11,"column":8},"end":{"line":19,"column":8}},"3":{"start":{"line":12,"column":29},"end":{"line":15,"column":null}},"4":{"start":{"line":16,"column":4},"end":{"line":16,"column":null}},"5":{"start":{"line":17,"column":4},"end":{"line":17,"column":null}},"6":{"start":{"line":18,"column":4},"end":{"line":18,"column":null}},"7":{"start":{"line":21,"column":8},"end":{"line":28,"column":8}},"8":{"start":{"line":22,"column":18},"end":{"line":22,"column":56}},"9":{"start":{"line":22,"column":44},"end":{"line":22,"column":56}},"10":{"start":{"line":23,"column":4},"end":{"line":23,"column":null}},"11":{"start":{"line":23,"column":22},"end":{"line":23,"column":null}},"12":{"start":{"line":25,"column":4},"end":{"line":25,"column":null}},"13":{"start":{"line":26,"column":4},"end":{"line":26,"column":null}},"14":{"start":{"line":27,"column":4},"end":{"line":27,"column":null}},"15":{"start":{"line":30,"column":8},"end":{"line":35,"column":8}},"16":{"start":{"line":31,"column":26},"end":{"line":31,"column":null}},"17":{"start":{"line":32,"column":4},"end":{"line":32,"column":null}},"18":{"start":{"line":32,"column":40},"end":{"line":32,"column":52}},"19":{"start":{"line":33,"column":4},"end":{"line":33,"column":null}},"20":{"start":{"line":34,"column":4},"end":{"line":34,"column":null}},"21":{"start":{"line":37,"column":8},"end":{"line":39,"column":13}},"22":{"start":{"line":38,"column":4},"end":{"line":38,"column":null}},"23":{"start":{"line":38,"column":27},"end":{"line":38,"column":39}},"24":{"start":{"line":41,"column":8},"end":{"line":43,"column":13}},"25":{"start":{"line":42,"column":4},"end":{"line":42,"column":null}},"26":{"start":{"line":45,"column":2},"end":{"line":51,"column":null}}},"fnMap":{"0":{"name":"useBrewCRUD","decl":{"start":{"line":8,"column":16},"end":{"line":8,"column":30}},"loc":{"start":{"line":8,"column":30},"end":{"line":51,"column":null}},"line":8},"1":{"name":"(anonymous_1)","decl":{"start":{"line":11,"column":21},"end":{"line":11,"column":34}},"loc":{"start":{"line":11,"column":68},"end":{"line":19,"column":7}},"line":11},"2":{"name":"(anonymous_2)","decl":{"start":{"line":21,"column":21},"end":{"line":21,"column":34}},"loc":{"start":{"line":21,"column":76},"end":{"line":28,"column":7}},"line":21},"3":{"name":"(anonymous_3)","decl":{"start":{"line":22,"column":29},"end":{"line":22,"column":39}},"loc":{"start":{"line":22,"column":44},"end":{"line":22,"column":56}},"line":22},"4":{"name":"(anonymous_4)","decl":{"start":{"line":30,"column":21},"end":{"line":30,"column":34}},"loc":{"start":{"line":30,"column":49},"end":{"line":35,"column":7}},"line":30},"5":{"name":"(anonymous_5)","decl":{"start":{"line":32,"column":28},"end":{"line":32,"column":35}},"loc":{"start":{"line":32,"column":40},"end":{"line":32,"column":52}},"line":32},"6":{"name":"(anonymous_6)","decl":{"start":{"line":37,"column":18},"end":{"line":37,"column":31}},"loc":{"start":{"line":37,"column":46},"end":{"line":39,"column":6}},"line":37},"7":{"name":"(anonymous_7)","decl":{"start":{"line":38,"column":17},"end":{"line":38,"column":22}},"loc":{"start":{"line":38,"column":27},"end":{"line":38,"column":39}},"line":38},"8":{"name":"(anonymous_8)","decl":{"start":{"line":41,"column":19},"end":{"line":41,"column":37}},"loc":{"start":{"line":41,"column":37},"end":{"line":43,"column":6}},"line":41}},"branchMap":{"0":{"loc":{"start":{"line":23,"column":4},"end":{"line":23,"column":null}},"type":"if","locations":[{"start":{"line":23,"column":4},"end":{"line":23,"column":null}},{"start":{},"end":{}}],"line":23}},"s":{"0":1,"1":31,"2":31,"3":11,"4":11,"5":11,"6":11,"7":31,"8":3,"9":31,"10":3,"11":1,"12":2,"13":2,"14":2,"15":31,"16":3,"17":3,"18":35,"19":3,"20":3,"21":31,"22":6,"23":60,"24":31,"25":8,"26":31},"f":{"0":31,"1":11,"2":3,"3":31,"4":3,"5":35,"6":6,"7":60,"8":8},"b":{"0":[1,2]},"meta":{"lastBranch":1,"lastFunction":9,"lastStatement":27,"seen":{"s:6:17:6:34":0,"f:8:16:8:30":0,"s:9:16:9:59":1,"s:11:8:19:8":2,"f:11:21:11:34":1,"s:12:29:15:Infinity":3,"s:16:4:16:Infinity":4,"s:17:4:17:Infinity":5,"s:18:4:18:Infinity":6,"s:21:8:28:8":7,"f:21:21:21:34":2,"s:22:18:22:56":8,"f:22:29:22:39":3,"s:22:44:22:56":9,"b:23:4:23:Infinity:undefined:undefined:undefined:undefined":0,"s:23:4:23:Infinity":10,"s:23:22:23:Infinity":11,"s:25:4:25:Infinity":12,"s:26:4:26:Infinity":13,"s:27:4:27:Infinity":14,"s:30:8:35:8":15,"f:30:21:30:34":4,"s:31:26:31:Infinity":16,"s:32:4:32:Infinity":17,"f:32:28:32:35":5,"s:32:40:32:52":18,"s:33:4:33:Infinity":19,"s:34:4:34:Infinity":20,"s:37:8:39:13":21,"f:37:18:37:31":6,"s:38:4:38:Infinity":22,"f:38:17:38:22":7,"s:38:27:38:39":23,"s:41:8:43:13":24,"f:41:19:41:37":8,"s:42:4:42:Infinity":25,"s:45:2:51:Infinity":26}}}
,"/home/rdobre/cs-ubb/sem-4/MPP/brewlog/brewlog/src/app/hooks/useBrewPagination.ts": {"path":"/home/rdobre/cs-ubb/sem-4/MPP/brewlog/brewlog/src/app/hooks/useBrewPagination.ts","statementMap":{"0":{"start":{"line":4,"column":22},"end":{"line":4,"column":51}},"1":{"start":{"line":6,"column":8},"end":{"line":8,"column":30}},"2":{"start":{"line":7,"column":4},"end":{"line":7,"column":null}},"3":{"start":{"line":10,"column":8},"end":{"line":13,"column":36}},"4":{"start":{"line":11,"column":10},"end":{"line":11,"column":null}},"5":{"start":{"line":12,"column":4},"end":{"line":12,"column":null}},"6":{"start":{"line":15,"column":8},"end":{"line":16,"column":null}},"7":{"start":{"line":16,"column":4},"end":{"line":16,"column":null}},"8":{"start":{"line":16,"column":27},"end":{"line":16,"column":57}},"9":{"start":{"line":19,"column":8},"end":{"line":20,"column":null}},"10":{"start":{"line":20,"column":4},"end":{"line":20,"column":null}},"11":{"start":{"line":20,"column":27},"end":{"line":20,"column":48}},"12":{"start":{"line":23,"column":8},"end":{"line":25,"column":null}},"13":{"start":{"line":24,"column":22},"end":{"line":24,"column":61}},"14":{"start":{"line":25,"column":4},"end":{"line":25,"column":null}},"15":{"start":{"line":28,"column":2},"end":{"line":35,"column":null}}},"fnMap":{"0":{"name":"useBrewPagination","decl":{"start":{"line":3,"column":16},"end":{"line":3,"column":37}},"loc":{"start":{"line":3,"column":72},"end":{"line":35,"column":null}},"line":3},"1":{"name":"(anonymous_1)","decl":{"start":{"line":6,"column":21},"end":{"line":6,"column":35}},"loc":{"start":{"line":6,"column":35},"end":{"line":8,"column":6}},"line":6},"2":{"name":"(anonymous_2)","decl":{"start":{"line":10,"column":23},"end":{"line":10,"column":37}},"loc":{"start":{"line":10,"column":37},"end":{"line":13,"column":6}},"line":10},"3":{"name":"(anonymous_3)","decl":{"start":{"line":15,"column":8},"end":{"line":15,"column":25}},"loc":{"start":{"line":15,"column":25},"end":{"line":16,"column":null}},"line":15},"4":{"name":"(anonymous_4)","decl":{"start":{"line":16,"column":4},"end":{"line":16,"column":19}},"loc":{"start":{"line":16,"column":27},"end":{"line":16,"column":57}},"line":16},"5":{"name":"(anonymous_5)","decl":{"start":{"line":19,"column":8},"end":{"line":19,"column":25}},"loc":{"start":{"line":19,"column":25},"end":{"line":20,"column":null}},"line":19},"6":{"name":"(anonymous_6)","decl":{"start":{"line":20,"column":4},"end":{"line":20,"column":19}},"loc":{"start":{"line":20,"column":27},"end":{"line":20,"column":48}},"line":20},"7":{"name":"(anonymous_7)","decl":{"start":{"line":23,"column":8},"end":{"line":23,"column":20}},"loc":{"start":{"line":23,"column":37},"end":{"line":25,"column":null}},"line":23}},"branchMap":{"0":{"loc":{"start":{"line":3,"column":49},"end":{"line":3,"column":72}},"type":"default-arg","locations":[{"start":{"line":3,"column":68},"end":{"line":3,"column":72}}],"line":3}},"s":{"0":39,"1":39,"2":25,"3":39,"4":39,"5":39,"6":39,"7":7,"8":7,"9":39,"10":4,"11":4,"12":39,"13":9,"14":9,"15":39},"f":{"0":39,"1":25,"2":39,"3":7,"4":7,"5":4,"6":4,"7":9},"b":{"0":[39]},"meta":{"lastBranch":1,"lastFunction":8,"lastStatement":16,"seen":{"f:3:16:3:37":0,"b:3:68:3:72":0,"s:4:22:4:51":0,"s:6:8:8:30":1,"f:6:21:6:35":1,"s:7:4:7:Infinity":2,"s:10:8:13:36":3,"f:10:23:10:37":2,"s:11:10:11:Infinity":4,"s:12:4:12:Infinity":5,"s:15:8:16:Infinity":6,"f:15:8:15:25":3,"s:16:4:16:Infinity":7,"f:16:4:16:19":4,"s:16:27:16:57":8,"s:19:8:20:Infinity":9,"f:19:8:19:25":5,"s:20:4:20:Infinity":10,"f:20:4:20:19":6,"s:20:27:20:48":11,"s:23:8:25:Infinity":12,"f:23:8:23:20":7,"s:24:22:24:61":13,"s:25:4:25:Infinity":14,"s:28:2:35:Infinity":15}}}
,"/home/rdobre/cs-ubb/sem-4/MPP/brewlog/brewlog/src/app/hooks/useBrewValidation.ts": {"path":"/home/rdobre/cs-ubb/sem-4/MPP/brewlog/brewlog/src/app/hooks/useBrewValidation.ts","statementMap":{"0":{"start":{"line":7,"column":24},"end":{"line":7,"column":null}},"1":{"start":{"line":10,"column":8},"end":{"line":49,"column":null}},"2":{"start":{"line":12,"column":4},"end":{"line":13,"column":null}},"3":{"start":{"line":13,"column":6},"end":{"line":13,"column":null}},"4":{"start":{"line":17,"column":4},"end":{"line":46,"column":null}},"5":{"start":{"line":19,"column":8},"end":{"line":20,"column":null}},"6":{"start":{"line":20,"column":10},"end":{"line":20,"column":null}},"7":{"start":{"line":22,"column":8},"end":{"line":22,"column":null}},"8":{"start":{"line":25,"column":8},"end":{"line":26,"column":null}},"9":{"start":{"line":26,"column":10},"end":{"line":26,"column":null}},"10":{"start":{"line":28,"column":8},"end":{"line":28,"column":null}},"11":{"start":{"line":31,"column":8},"end":{"line":32,"column":null}},"12":{"start":{"line":32,"column":10},"end":{"line":32,"column":null}},"13":{"start":{"line":34,"column":8},"end":{"line":34,"column":null}},"14":{"start":{"line":37,"column":8},"end":{"line":38,"column":null}},"15":{"start":{"line":38,"column":10},"end":{"line":38,"column":null}},"16":{"start":{"line":40,"column":8},"end":{"line":40,"column":null}},"17":{"start":{"line":43,"column":8},"end":{"line":44,"column":null}},"18":{"start":{"line":44,"column":10},"end":{"line":44,"column":null}},"19":{"start":{"line":46,"column":8},"end":{"line":46,"column":null}},"20":{"start":{"line":49,"column":4},"end":{"line":49,"column":null}},"21":{"start":{"line":52,"column":8},"end":{"line":90,"column":null}},"22":{"start":{"line":53,"column":37},"end":{"line":53,"column":39}},"23":{"start":{"line":56,"column":4},"end":{"line":59,"column":null}},"24":{"start":{"line":57,"column":20},"end":{"line":57,"column":70}},"25":{"start":{"line":58,"column":6},"end":{"line":58,"column":null}},"26":{"start":{"line":58,"column":17},"end":{"line":58,"column":null}},"27":{"start":{"line":62,"column":4},"end":{"line":65,"column":null}},"28":{"start":{"line":63,"column":20},"end":{"line":63,"column":null}},"29":{"start":{"line":64,"column":6},"end":{"line":65,"column":null}},"30":{"start":{"line":65,"column":8},"end":{"line":65,"column":null}},"31":{"start":{"line":70,"column":4},"end":{"line":81,"column":null}},"32":{"start":{"line":71,"column":74},"end":{"line":77,"column":null}},"33":{"start":{"line":79,"column":25},"end":{"line":79,"column":null}},"34":{"start":{"line":80,"column":6},"end":{"line":81,"column":null}},"35":{"start":{"line":81,"column":8},"end":{"line":81,"column":null}},"36":{"start":{"line":86,"column":4},"end":{"line":87,"column":null}},"37":{"start":{"line":87,"column":6},"end":{"line":87,"column":null}},"38":{"start":{"line":90,"column":4},"end":{"line":90,"column":null}},"39":{"start":{"line":93,"column":2},"end":{"line":96,"column":null}}},"fnMap":{"0":{"name":"useBrewValidation","decl":{"start":{"line":9,"column":16},"end":{"line":9,"column":36}},"loc":{"start":{"line":9,"column":36},"end":{"line":96,"column":null}},"line":9},"1":{"name":"(anonymous_1)","decl":{"start":{"line":10,"column":8},"end":{"line":10,"column":25}},"loc":{"start":{"line":10,"column":63},"end":{"line":49,"column":null}},"line":10},"2":{"name":"(anonymous_2)","decl":{"start":{"line":52,"column":8},"end":{"line":52,"column":24}},"loc":{"start":{"line":52,"column":69},"end":{"line":90,"column":null}},"line":52},"3":{"name":"(anonymous_3)","decl":{"start":{"line":56,"column":20},"end":{"line":56,"column":28}},"loc":{"start":{"line":56,"column":37},"end":{"line":59,"column":null}},"line":56}},"branchMap":{"0":{"loc":{"start":{"line":12,"column":4},"end":{"line":13,"column":null}},"type":"if","locations":[{"start":{"line":12,"column":4},"end":{"line":13,"column":null}},{"start":{},"end":{}}],"line":12},"1":{"loc":{"start":{"line":12,"column":8},"end":{"line":12,"column":115}},"type":"binary-expr","locations":[{"start":{"line":12,"column":8},"end":{"line":12,"column":39}},{"start":{"line":12,"column":44},"end":{"line":12,"column":60}},{"start":{"line":12,"column":60},"end":{"line":12,"column":78}},{"start":{"line":12,"column":78},"end":{"line":12,"column":101}},{"start":{"line":12,"column":101},"end":{"line":12,"column":115}}],"line":12},"2":{"loc":{"start":{"line":17,"column":4},"end":{"line":46,"column":null}},"type":"switch","locations":[{"start":{"line":18,"column":6},"end":{"line":22,"column":null}},{"start":{"line":24,"column":6},"end":{"line":28,"column":null}},{"start":{"line":30,"column":6},"end":{"line":34,"column":null}},{"start":{"line":36,"column":6},"end":{"line":40,"column":null}},{"start":{"line":42,"column":6},"end":{"line":46,"column":null}}],"line":17},"3":{"loc":{"start":{"line":19,"column":8},"end":{"line":20,"column":null}},"type":"if","locations":[{"start":{"line":19,"column":8},"end":{"line":20,"column":null}},{"start":{},"end":{}}],"line":19},"4":{"loc":{"start":{"line":19,"column":12},"end":{"line":19,"column":53}},"type":"binary-expr","locations":[{"start":{"line":19,"column":12},"end":{"line":19,"column":41}},{"start":{"line":19,"column":41},"end":{"line":19,"column":53}}],"line":19},"5":{"loc":{"start":{"line":25,"column":8},"end":{"line":26,"column":null}},"type":"if","locations":[{"start":{"line":25,"column":8},"end":{"line":26,"column":null}},{"start":{},"end":{}}],"line":25},"6":{"loc":{"start":{"line":25,"column":12},"end":{"line":25,"column":53}},"type":"binary-expr","locations":[{"start":{"line":25,"column":12},"end":{"line":25,"column":41}},{"start":{"line":25,"column":41},"end":{"line":25,"column":53}}],"line":25},"7":{"loc":{"start":{"line":31,"column":8},"end":{"line":32,"column":null}},"type":"if","locations":[{"start":{"line":31,"column":8},"end":{"line":32,"column":null}},{"start":{},"end":{}}],"line":31},"8":{"loc":{"start":{"line":31,"column":12},"end":{"line":31,"column":70}},"type":"binary-expr","locations":[{"start":{"line":31,"column":12},"end":{"line":31,"column":42}},{"start":{"line":31,"column":42},"end":{"line":31,"column":56}},{"start":{"line":31,"column":56},"end":{"line":31,"column":70}}],"line":31},"9":{"loc":{"start":{"line":37,"column":8},"end":{"line":38,"column":null}},"type":"if","locations":[{"start":{"line":37,"column":8},"end":{"line":38,"column":null}},{"start":{},"end":{}}],"line":37},"10":{"loc":{"start":{"line":37,"column":12},"end":{"line":37,"column":67}},"type":"binary-expr","locations":[{"start":{"line":37,"column":12},"end":{"line":37,"column":42}},{"start":{"line":37,"column":42},"end":{"line":37,"column":55}},{"start":{"line":37,"column":55},"end":{"line":37,"column":67}}],"line":37},"11":{"loc":{"start":{"line":43,"column":8},"end":{"line":44,"column":null}},"type":"if","locations":[{"start":{"line":43,"column":8},"end":{"line":44,"column":null}},{"start":{},"end":{}}],"line":43},"12":{"loc":{"start":{"line":43,"column":12},"end":{"line":43,"column":59}},"type":"binary-expr","locations":[{"start":{"line":43,"column":12},"end":{"line":43,"column":21}},{"start":{"line":43,"column":21},"end":{"line":43,"column":59}}],"line":43},"13":{"loc":{"start":{"line":58,"column":6},"end":{"line":58,"column":null}},"type":"if","locations":[{"start":{"line":58,"column":6},"end":{"line":58,"column":null}},{"start":{},"end":{}}],"line":58},"14":{"loc":{"start":{"line":62,"column":4},"end":{"line":65,"column":null}},"type":"if","locations":[{"start":{"line":62,"column":4},"end":{"line":65,"column":null}},{"start":{},"end":{}}],"line":62},"15":{"loc":{"start":{"line":62,"column":8},"end":{"line":62,"column":66}},"type":"binary-expr","locations":[{"start":{"line":62,"column":8},"end":{"line":62,"column":21}},{"start":{"line":62,"column":21},"end":{"line":62,"column":35}},{"start":{"line":62,"column":35},"end":{"line":62,"column":51}},{"start":{"line":62,"column":51},"end":{"line":62,"column":66}}],"line":62},"16":{"loc":{"start":{"line":64,"column":6},"end":{"line":65,"column":null}},"type":"if","locations":[{"start":{"line":64,"column":6},"end":{"line":65,"column":null}},{"start":{},"end":{}}],"line":64},"17":{"loc":{"start":{"line":64,"column":10},"end":{"line":64,"column":36}},"type":"binary-expr","locations":[{"start":{"line":64,"column":10},"end":{"line":64,"column":24}},{"start":{"line":64,"column":24},"end":{"line":64,"column":36}}],"line":64},"18":{"loc":{"start":{"line":70,"column":4},"end":{"line":81,"column":null}},"type":"if","locations":[{"start":{"line":70,"column":4},"end":{"line":81,"column":null}},{"start":{},"end":{}}],"line":70},"19":{"loc":{"start":{"line":70,"column":8},"end":{"line":70,"column":50}},"type":"binary-expr","locations":[{"start":{"line":70,"column":8},"end":{"line":70,"column":23}},{"start":{"line":70,"column":23},"end":{"line":70,"column":36}},{"start":{"line":70,"column":36},"end":{"line":70,"column":50}}],"line":70},"20":{"loc":{"start":{"line":80,"column":6},"end":{"line":81,"column":null}},"type":"if","locations":[{"start":{"line":80,"column":6},"end":{"line":81,"column":null}},{"start":{},"end":{}}],"line":80},"21":{"loc":{"start":{"line":80,"column":10},"end":{"line":80,"column":84}},"type":"binary-expr","locations":[{"start":{"line":80,"column":10},"end":{"line":80,"column":25}},{"start":{"line":80,"column":25},"end":{"line":80,"column":55}},{"start":{"line":80,"column":55},"end":{"line":80,"column":84}}],"line":80},"22":{"loc":{"start":{"line":86,"column":4},"end":{"line":87,"column":null}},"type":"if","locations":[{"start":{"line":86,"column":4},"end":{"line":87,"column":null}},{"start":{},"end":{}}],"line":86},"23":{"loc":{"start":{"line":86,"column":8},"end":{"line":86,"column":55}},"type":"binary-expr","locations":[{"start":{"line":86,"column":8},"end":{"line":86,"column":23}},{"start":{"line":86,"column":23},"end":{"line":86,"column":42}},{"start":{"line":86,"column":42},"end":{"line":86,"column":55}}],"line":86}},"s":{"0":1,"1":1,"2":222,"3":15,"4":207,"5":20,"6":1,"7":19,"8":18,"9":1,"10":17,"11":22,"12":3,"13":19,"14":21,"15":2,"16":19,"17":24,"18":5,"19":19,"20":195,"21":1,"22":17,"23":17,"24":187,"25":187,"26":9,"27":17,"28":16,"29":16,"30":2,"31":17,"32":16,"33":16,"34":16,"35":3,"36":17,"37":1,"38":17,"39":1},"f":{"0":1,"1":222,"2":17,"3":187},"b":{"0":[15,207],"1":[222,220,213,212,211],"2":[207,18,22,21,24],"3":[1,19],"4":[20,20],"5":[1,17],"6":[18,18],"7":[3,19],"8":[22,22,20],"9":[2,19],"10":[21,21,21],"11":[5,19],"12":[24,24],"13":[9,178],"14":[16,1],"15":[17,16,16,16],"16":[2,14],"17":[16,15],"18":[16,1],"19":[17,16,16],"20":[3,13],"21":[16,16,13],"22":[1,16],"23":[17,17,2]},"meta":{"lastBranch":24,"lastFunction":4,"lastStatement":40,"seen":{"s:7:24:7:Infinity":0,"f:9:16:9:36":0,"s:10:8:49:Infinity":1,"f:10:8:10:25":1,"b:12:4:13:Infinity:undefined:undefined:undefined:undefined":0,"s:12:4:13:Infinity":2,"b:12:8:12:39:12:44:12:60:12:60:12:78:12:78:12:101:12:101:12:115":1,"s:13:6:13:Infinity":3,"b:18:6:22:Infinity:24:6:28:Infinity:30:6:34:Infinity:36:6:40:Infinity:42:6:46:Infinity":2,"s:17:4:46:Infinity":4,"b:19:8:20:Infinity:undefined:undefined:undefined:undefined":3,"s:19:8:20:Infinity":5,"b:19:12:19:41:19:41:19:53":4,"s:20:10:20:Infinity":6,"s:22:8:22:Infinity":7,"b:25:8:26:Infinity:undefined:undefined:undefined:undefined":5,"s:25:8:26:Infinity":8,"b:25:12:25:41:25:41:25:53":6,"s:26:10:26:Infinity":9,"s:28:8:28:Infinity":10,"b:31:8:32:Infinity:undefined:undefined:undefined:undefined":7,"s:31:8:32:Infinity":11,"b:31:12:31:42:31:42:31:56:31:56:31:70":8,"s:32:10:32:Infinity":12,"s:34:8:34:Infinity":13,"b:37:8:38:Infinity:undefined:undefined:undefined:undefined":9,"s:37:8:38:Infinity":14,"b:37:12:37:42:37:42:37:55:37:55:37:67":10,"s:38:10:38:Infinity":15,"s:40:8:40:Infinity":16,"b:43:8:44:Infinity:undefined:undefined:undefined:undefined":11,"s:43:8:44:Infinity":17,"b:43:12:43:21:43:21:43:59":12,"s:44:10:44:Infinity":18,"s:46:8:46:Infinity":19,"s:49:4:49:Infinity":20,"s:52:8:90:Infinity":21,"f:52:8:52:24":2,"s:53:37:53:39":22,"s:56:4:59:Infinity":23,"f:56:20:56:28":3,"s:57:20:57:70":24,"b:58:6:58:Infinity:undefined:undefined:undefined:undefined":13,"s:58:6:58:Infinity":25,"s:58:17:58:Infinity":26,"b:62:4:65:Infinity:undefined:undefined:undefined:undefined":14,"s:62:4:65:Infinity":27,"b:62:8:62:21:62:21:62:35:62:35:62:51:62:51:62:66":15,"s:63:20:63:Infinity":28,"b:64:6:65:Infinity:undefined:undefined:undefined:undefined":16,"s:64:6:65:Infinity":29,"b:64:10:64:24:64:24:64:36":17,"s:65:8:65:Infinity":30,"b:70:4:81:Infinity:undefined:undefined:undefined:undefined":18,"s:70:4:81:Infinity":31,"b:70:8:70:23:70:23:70:36:70:36:70:50":19,"s:71:74:77:Infinity":32,"s:79:25:79:Infinity":33,"b:80:6:81:Infinity:undefined:undefined:undefined:undefined":20,"s:80:6:81:Infinity":34,"b:80:10:80:25:80:25:80:55:80:55:80:84":21,"s:81:8:81:Infinity":35,"b:86:4:87:Infinity:undefined:undefined:undefined:undefined":22,"s:86:4:87:Infinity":36,"b:86:8:86:23:86:23:86:42:86:42:86:55":23,"s:87:6:87:Infinity":37,"s:90:4:90:Infinity":38,"s:93:2:96:Infinity":39}}}
}
